---------------------------------------------------------------
[ 2018-11-21T22:47:22+08:00 ] 192.168.28.119 POST mythink.test/user/auth/save.html
[ error ] [0]Class app\user\controller\Request does not exist
---------------------------------------------------------------
[ 2018-11-21T22:47:25+08:00 ] 192.168.28.119 POST mythink.test/user/auth/save.html
[ error ] [0]Class app\user\controller\Request does not exist
---------------------------------------------------------------
[ 2018-11-21T22:47:44+08:00 ] 192.168.28.119 POST mythink.test/user/auth/save.html
[运行时间：0.046534s] [吞吐率：21.49req/s] [内存消耗：1,452.55kb] [文件加载：67]
[ info ] [ LANG ] D:\wwwroot\mythink.test\mythink\thinkphp\lang\zh-cn.php
[ info ] [ ROUTE ] array (
)
[ info ] [ HEADER ] array (
  'content-length' => '91',
  'accept-encoding' => 'gzip, deflate',
  'cookie' => 'PHPSESSID=f94n5ek2962afhfj2dqboos1jp',
  'accept-language' => 'zh-CN,zh;q=0.9',
  'referer' => 'http://mythink.test/user/auth/create.html',
  'accept' => 'text/html,application/xhtml+xml,application/xml;q=0.9,image/webp,image/apng,*/*;q=0.8',
  'user-agent' => 'Mozilla/5.0 (Windows NT 10.0; Win64; x64) AppleWebKit/537.36 (KHTML, like Gecko) Chrome/70.0.3538.110 Safari/537.36',
  'content-type' => 'application/x-www-form-urlencoded',
  'upgrade-insecure-requests' => '1',
  'origin' => 'http://mythink.test',
  'cache-control' => 'max-age=0',
  'connection' => 'keep-alive',
  'host' => 'mythink.test',
)
[ info ] [ PARAM ] array (
  '__token__' => 'bcd6e43f47fcf49caee80f6e66d10ce2faa00b15',
  'name' => '',
  'email' => '',
  'password' => '',
  'password_confirm' => '',
)
[ error ] [0]Class app\user\controller\Request does not exist[D:\wwwroot\mythink.test\mythink\thinkphp\library\think\Container.php:467]
---------------------------------------------------------------
[ 2018-11-21T22:48:22+08:00 ] 192.168.28.119 POST mythink.test/user/auth/save.html
[运行时间：0.041365s] [吞吐率：24.17req/s] [内存消耗：1,401.32kb] [文件加载：65]
[ info ] [ LANG ] D:\wwwroot\mythink.test\mythink\thinkphp\lang\zh-cn.php
[ info ] [ ROUTE ] array (
)
[ info ] [ HEADER ] array (
  'content-length' => '91',
  'accept-encoding' => 'gzip, deflate',
  'cookie' => 'PHPSESSID=f94n5ek2962afhfj2dqboos1jp',
  'accept-language' => 'zh-CN,zh;q=0.9',
  'referer' => 'http://mythink.test/user/auth/create.html',
  'accept' => 'text/html,application/xhtml+xml,application/xml;q=0.9,image/webp,image/apng,*/*;q=0.8',
  'content-type' => 'application/x-www-form-urlencoded',
  'origin' => 'http://mythink.test',
  'user-agent' => 'Mozilla/5.0 (Windows NT 10.0; Win64; x64) AppleWebKit/537.36 (KHTML, like Gecko) Chrome/70.0.3538.110 Safari/537.36',
  'upgrade-insecure-requests' => '1',
  'cache-control' => 'max-age=0',
  'connection' => 'keep-alive',
  'host' => 'mythink.test',
)
[ info ] [ PARAM ] array (
  '__token__' => 'bcd6e43f47fcf49caee80f6e66d10ce2faa00b15',
  'name' => '',
  'email' => '',
  'password' => '',
  'password_confirm' => '',
)
---------------------------------------------------------------
[ 2018-11-21T22:48:25+08:00 ] 192.168.28.119 GET mythink.test/user/auth/create.html
[运行时间：0.033359s] [吞吐率：29.98req/s] [内存消耗：1,475.94kb] [文件加载：68]
[ info ] [ LANG ] D:\wwwroot\mythink.test\mythink\thinkphp\lang\zh-cn.php
[ info ] [ ROUTE ] array (
)
[ info ] [ HEADER ] array (
  'accept-encoding' => 'gzip, deflate',
  'cookie' => 'PHPSESSID=f94n5ek2962afhfj2dqboos1jp',
  'accept-language' => 'zh-CN,zh;q=0.9',
  'referer' => 'http://mythink.test/',
  'accept' => 'text/html,application/xhtml+xml,application/xml;q=0.9,image/webp,image/apng,*/*;q=0.8',
  'user-agent' => 'Mozilla/5.0 (Windows NT 10.0; Win64; x64) AppleWebKit/537.36 (KHTML, like Gecko) Chrome/70.0.3538.110 Safari/537.36',
  'upgrade-insecure-requests' => '1',
  'connection' => 'keep-alive',
  'host' => 'mythink.test',
  'content-length' => '',
  'content-type' => '',
)
[ info ] [ PARAM ] array (
)
[ info ] [ VIEW ] D:\wwwroot\mythink.test\mythink\resources\views\user\auth\create.html [ array (
  0 => 'token',
) ]
---------------------------------------------------------------
[ 2018-11-21T22:48:34+08:00 ] 192.168.28.119 POST mythink.test/user/auth/save.html
[运行时间：0.034187s] [吞吐率：29.25req/s] [内存消耗：1,401.68kb] [文件加载：65]
[ info ] [ LANG ] D:\wwwroot\mythink.test\mythink\thinkphp\lang\zh-cn.php
[ info ] [ ROUTE ] array (
)
[ info ] [ HEADER ] array (
  'content-length' => '117',
  'accept-encoding' => 'gzip, deflate',
  'cookie' => 'PHPSESSID=f94n5ek2962afhfj2dqboos1jp',
  'accept-language' => 'zh-CN,zh;q=0.9',
  'referer' => 'http://mythink.test/user/auth/create.html',
  'accept' => 'text/html,application/xhtml+xml,application/xml;q=0.9,image/webp,image/apng,*/*;q=0.8',
  'user-agent' => 'Mozilla/5.0 (Windows NT 10.0; Win64; x64) AppleWebKit/537.36 (KHTML, like Gecko) Chrome/70.0.3538.110 Safari/537.36',
  'content-type' => 'application/x-www-form-urlencoded',
  'upgrade-insecure-requests' => '1',
  'origin' => 'http://mythink.test',
  'cache-control' => 'max-age=0',
  'connection' => 'keep-alive',
  'host' => 'mythink.test',
)
[ info ] [ PARAM ] array (
  '__token__' => '7bc86faa19e5c68244661cf58bbe129e4d0f84fa',
  'name' => 'sda',
  'email' => 'sdaa@123.com',
  'password' => 'sada',
  'password_confirm' => 'sadsa',
)
---------------------------------------------------------------
[ 2018-11-21T22:48:44+08:00 ] 192.168.28.119 GET mythink.test/user/auth/create.html
[运行时间：0.031122s] [吞吐率：32.13req/s] [内存消耗：1,475.94kb] [文件加载：68]
[ info ] [ LANG ] D:\wwwroot\mythink.test\mythink\thinkphp\lang\zh-cn.php
[ info ] [ ROUTE ] array (
)
[ info ] [ HEADER ] array (
  'accept-encoding' => 'gzip, deflate',
  'cookie' => 'PHPSESSID=f94n5ek2962afhfj2dqboos1jp',
  'accept-language' => 'zh-CN,zh;q=0.9',
  'referer' => 'http://mythink.test/',
  'accept' => 'text/html,application/xhtml+xml,application/xml;q=0.9,image/webp,image/apng,*/*;q=0.8',
  'user-agent' => 'Mozilla/5.0 (Windows NT 10.0; Win64; x64) AppleWebKit/537.36 (KHTML, like Gecko) Chrome/70.0.3538.110 Safari/537.36',
  'upgrade-insecure-requests' => '1',
  'connection' => 'keep-alive',
  'host' => 'mythink.test',
  'content-length' => '',
  'content-type' => '',
)
[ info ] [ PARAM ] array (
)
[ info ] [ VIEW ] D:\wwwroot\mythink.test\mythink\resources\views\user\auth\create.html [ array (
  0 => 'token',
) ]
---------------------------------------------------------------
[ 2018-11-21T23:01:23+08:00 ] 192.168.28.119 POST mythink.test/user/auth/save.html
[运行时间：0.047912s] [吞吐率：20.87req/s] [内存消耗：1,401.68kb] [文件加载：65]
[ info ] [ LANG ] D:\wwwroot\mythink.test\mythink\thinkphp\lang\zh-cn.php
[ info ] [ ROUTE ] array (
)
[ info ] [ HEADER ] array (
  'content-length' => '120',
  'accept-encoding' => 'gzip, deflate',
  'cookie' => 'PHPSESSID=f94n5ek2962afhfj2dqboos1jp',
  'accept-language' => 'zh-CN,zh;q=0.9',
  'referer' => 'http://mythink.test/user/auth/create.html',
  'accept' => 'text/html,application/xhtml+xml,application/xml;q=0.9,image/webp,image/apng,*/*;q=0.8',
  'user-agent' => 'Mozilla/5.0 (Windows NT 10.0; Win64; x64) AppleWebKit/537.36 (KHTML, like Gecko) Chrome/70.0.3538.110 Safari/537.36',
  'content-type' => 'application/x-www-form-urlencoded',
  'upgrade-insecure-requests' => '1',
  'origin' => 'http://mythink.test',
  'cache-control' => 'max-age=0',
  'connection' => 'keep-alive',
  'host' => 'mythink.test',
)
[ info ] [ PARAM ] array (
  '__token__' => 'b71aac4d14ad03201a9426af2b5769c43af94017',
  'name' => 'sda',
  'email' => 'sdaa@123.com',
  'password' => 'dsadsa',
  'password_confirm' => 'sadasd',
)
---------------------------------------------------------------
[ 2018-11-21T23:06:08+08:00 ] 192.168.28.119 GET mythink.test/user/auth/create.html
[运行时间：0.048605s] [吞吐率：20.57req/s] [内存消耗：1,476.55kb] [文件加载：68]
[ info ] [ LANG ] D:\wwwroot\mythink.test\mythink\thinkphp\lang\zh-cn.php
[ info ] [ ROUTE ] array (
)
[ info ] [ HEADER ] array (
  'accept-encoding' => 'gzip, deflate',
  'cookie' => 'PHPSESSID=f94n5ek2962afhfj2dqboos1jp',
  'accept-language' => 'zh-CN,zh;q=0.9',
  'referer' => 'http://mythink.test/',
  'accept' => 'text/html,application/xhtml+xml,application/xml;q=0.9,image/webp,image/apng,*/*;q=0.8',
  'user-agent' => 'Mozilla/5.0 (Windows NT 10.0; Win64; x64) AppleWebKit/537.36 (KHTML, like Gecko) Chrome/70.0.3538.110 Safari/537.36',
  'upgrade-insecure-requests' => '1',
  'connection' => 'keep-alive',
  'host' => 'mythink.test',
  'content-length' => '',
  'content-type' => '',
)
[ info ] [ PARAM ] array (
)
[ info ] [ VIEW ] D:\wwwroot\mythink.test\mythink\resources\views\user\auth\create.html [ array (
  0 => 'token',
) ]
---------------------------------------------------------------
[ 2018-11-21T23:06:10+08:00 ] 192.168.28.119 POST mythink.test/user/auth/save.html
[运行时间：0.341244s] [吞吐率：2.93req/s] [内存消耗：1,536.53kb] [文件加载：67]
[ info ] [ LANG ] D:\wwwroot\mythink.test\mythink\thinkphp\lang\zh-cn.php
[ info ] [ ROUTE ] array (
)
[ info ] [ HEADER ] array (
  'content-length' => '108',
  'accept-encoding' => 'gzip, deflate',
  'cookie' => 'PHPSESSID=f94n5ek2962afhfj2dqboos1jp',
  'accept-language' => 'zh-CN,zh;q=0.9',
  'referer' => 'http://mythink.test/user/auth/create.html',
  'accept' => 'text/html,application/xhtml+xml,application/xml;q=0.9,image/webp,image/apng,*/*;q=0.8',
  'user-agent' => 'Mozilla/5.0 (Windows NT 10.0; Win64; x64) AppleWebKit/537.36 (KHTML, like Gecko) Chrome/70.0.3538.110 Safari/537.36',
  'content-type' => 'application/x-www-form-urlencoded',
  'upgrade-insecure-requests' => '1',
  'origin' => 'http://mythink.test',
  'cache-control' => 'max-age=0',
  'connection' => 'keep-alive',
  'host' => 'mythink.test',
)
[ info ] [ PARAM ] array (
  '__token__' => 'cde8af950388578901038b7db0279a6a780da90b',
  'name' => 'sda',
  'email' => 'sdaa@123.com',
  'password' => '',
  'password_confirm' => '',
)
---------------------------------------------------------------
[ 2018-11-21T23:06:13+08:00 ] 192.168.28.119 GET mythink.test/user/auth/create.html
[运行时间：0.029376s] [吞吐率：34.04req/s] [内存消耗：1,476.55kb] [文件加载：68]
[ info ] [ LANG ] D:\wwwroot\mythink.test\mythink\thinkphp\lang\zh-cn.php
[ info ] [ ROUTE ] array (
)
[ info ] [ HEADER ] array (
  'accept-encoding' => 'gzip, deflate',
  'cookie' => 'PHPSESSID=f94n5ek2962afhfj2dqboos1jp',
  'accept-language' => 'zh-CN,zh;q=0.9',
  'referer' => 'http://mythink.test/',
  'accept' => 'text/html,application/xhtml+xml,application/xml;q=0.9,image/webp,image/apng,*/*;q=0.8',
  'user-agent' => 'Mozilla/5.0 (Windows NT 10.0; Win64; x64) AppleWebKit/537.36 (KHTML, like Gecko) Chrome/70.0.3538.110 Safari/537.36',
  'upgrade-insecure-requests' => '1',
  'connection' => 'keep-alive',
  'host' => 'mythink.test',
  'content-length' => '',
  'content-type' => '',
)
[ info ] [ PARAM ] array (
)
[ info ] [ VIEW ] D:\wwwroot\mythink.test\mythink\resources\views\user\auth\create.html [ array (
  0 => 'token',
) ]
---------------------------------------------------------------
[ 2018-11-21T23:06:15+08:00 ] 192.168.28.119 POST mythink.test/user/auth/save.html
[运行时间：0.030221s] [吞吐率：33.09req/s] [内存消耗：1,536.53kb] [文件加载：67]
[ info ] [ LANG ] D:\wwwroot\mythink.test\mythink\thinkphp\lang\zh-cn.php
[ info ] [ ROUTE ] array (
)
[ info ] [ HEADER ] array (
  'content-length' => '108',
  'accept-encoding' => 'gzip, deflate',
  'cookie' => 'PHPSESSID=f94n5ek2962afhfj2dqboos1jp',
  'accept-language' => 'zh-CN,zh;q=0.9',
  'referer' => 'http://mythink.test/user/auth/create.html',
  'accept' => 'text/html,application/xhtml+xml,application/xml;q=0.9,image/webp,image/apng,*/*;q=0.8',
  'user-agent' => 'Mozilla/5.0 (Windows NT 10.0; Win64; x64) AppleWebKit/537.36 (KHTML, like Gecko) Chrome/70.0.3538.110 Safari/537.36',
  'content-type' => 'application/x-www-form-urlencoded',
  'upgrade-insecure-requests' => '1',
  'origin' => 'http://mythink.test',
  'cache-control' => 'max-age=0',
  'connection' => 'keep-alive',
  'host' => 'mythink.test',
)
[ info ] [ PARAM ] array (
  '__token__' => 'bea220e3eae1f833dd3d7a05b4027f5a4f1e36f8',
  'name' => 'sda',
  'email' => 'sdaa@123.com',
  'password' => '',
  'password_confirm' => '',
)
---------------------------------------------------------------
[ 2018-11-21T23:06:19+08:00 ] 192.168.28.119 GET mythink.test/user/auth/create.html
[运行时间：0.034173s] [吞吐率：29.26req/s] [内存消耗：1,476.55kb] [文件加载：68]
[ info ] [ LANG ] D:\wwwroot\mythink.test\mythink\thinkphp\lang\zh-cn.php
[ info ] [ ROUTE ] array (
)
[ info ] [ HEADER ] array (
  'accept-encoding' => 'gzip, deflate',
  'cookie' => 'PHPSESSID=f94n5ek2962afhfj2dqboos1jp',
  'accept-language' => 'zh-CN,zh;q=0.9',
  'referer' => 'http://mythink.test/',
  'accept' => 'text/html,application/xhtml+xml,application/xml;q=0.9,image/webp,image/apng,*/*;q=0.8',
  'user-agent' => 'Mozilla/5.0 (Windows NT 10.0; Win64; x64) AppleWebKit/537.36 (KHTML, like Gecko) Chrome/70.0.3538.110 Safari/537.36',
  'upgrade-insecure-requests' => '1',
  'connection' => 'keep-alive',
  'host' => 'mythink.test',
  'content-length' => '',
  'content-type' => '',
)
[ info ] [ PARAM ] array (
)
[ info ] [ VIEW ] D:\wwwroot\mythink.test\mythink\resources\views\user\auth\create.html [ array (
  0 => 'token',
) ]
---------------------------------------------------------------
[ 2018-11-21T23:06:37+08:00 ] 192.168.28.119 POST mythink.test/user/auth/save.html
[运行时间：0.039816s] [吞吐率：25.12req/s] [内存消耗：1,536.53kb] [文件加载：67]
[ info ] [ LANG ] D:\wwwroot\mythink.test\mythink\thinkphp\lang\zh-cn.php
[ info ] [ ROUTE ] array (
)
[ info ] [ HEADER ] array (
  'content-length' => '110',
  'accept-encoding' => 'gzip, deflate',
  'cookie' => 'PHPSESSID=f94n5ek2962afhfj2dqboos1jp',
  'accept-language' => 'zh-CN,zh;q=0.9',
  'referer' => 'http://mythink.test/user/auth/create.html',
  'accept' => 'text/html,application/xhtml+xml,application/xml;q=0.9,image/webp,image/apng,*/*;q=0.8',
  'user-agent' => 'Mozilla/5.0 (Windows NT 10.0; Win64; x64) AppleWebKit/537.36 (KHTML, like Gecko) Chrome/70.0.3538.110 Safari/537.36',
  'content-type' => 'application/x-www-form-urlencoded',
  'upgrade-insecure-requests' => '1',
  'origin' => 'http://mythink.test',
  'cache-control' => 'max-age=0',
  'connection' => 'keep-alive',
  'host' => 'mythink.test',
)
[ info ] [ PARAM ] array (
  '__token__' => '9ec94a4b57280143377dca16072b9d1cabfc0b8d',
  'name' => 'sdaad',
  'email' => 'sdaa@123.com',
  'password' => '',
  'password_confirm' => '',
)
---------------------------------------------------------------
[ 2018-11-21T23:06:38+08:00 ] 192.168.28.119 GET mythink.test/user/auth/create.html
[运行时间：0.028701s] [吞吐率：34.84req/s] [内存消耗：1,476.55kb] [文件加载：68]
[ info ] [ LANG ] D:\wwwroot\mythink.test\mythink\thinkphp\lang\zh-cn.php
[ info ] [ ROUTE ] array (
)
[ info ] [ HEADER ] array (
  'accept-encoding' => 'gzip, deflate',
  'cookie' => 'PHPSESSID=f94n5ek2962afhfj2dqboos1jp',
  'accept-language' => 'zh-CN,zh;q=0.9',
  'referer' => 'http://mythink.test/',
  'accept' => 'text/html,application/xhtml+xml,application/xml;q=0.9,image/webp,image/apng,*/*;q=0.8',
  'user-agent' => 'Mozilla/5.0 (Windows NT 10.0; Win64; x64) AppleWebKit/537.36 (KHTML, like Gecko) Chrome/70.0.3538.110 Safari/537.36',
  'upgrade-insecure-requests' => '1',
  'connection' => 'keep-alive',
  'host' => 'mythink.test',
  'content-length' => '',
  'content-type' => '',
)
[ info ] [ PARAM ] array (
)
[ info ] [ VIEW ] D:\wwwroot\mythink.test\mythink\resources\views\user\auth\create.html [ array (
  0 => 'token',
) ]
---------------------------------------------------------------
[ 2018-11-21T23:07:21+08:00 ] 192.168.28.119 POST mythink.test/user/auth/save.html
[运行时间：0.173072s] [吞吐率：5.78req/s] [内存消耗：2,259.38kb] [文件加载：73]
[ info ] [ LANG ] D:\wwwroot\mythink.test\mythink\thinkphp\lang\zh-cn.php
[ info ] [ ROUTE ] array (
)
[ info ] [ HEADER ] array (
  'content-length' => '110',
  'accept-encoding' => 'gzip, deflate',
  'cookie' => 'PHPSESSID=f94n5ek2962afhfj2dqboos1jp',
  'accept-language' => 'zh-CN,zh;q=0.9',
  'referer' => 'http://mythink.test/user/auth/create.html',
  'accept' => 'text/html,application/xhtml+xml,application/xml;q=0.9,image/webp,image/apng,*/*;q=0.8',
  'user-agent' => 'Mozilla/5.0 (Windows NT 10.0; Win64; x64) AppleWebKit/537.36 (KHTML, like Gecko) Chrome/70.0.3538.110 Safari/537.36',
  'content-type' => 'application/x-www-form-urlencoded',
  'upgrade-insecure-requests' => '1',
  'origin' => 'http://mythink.test',
  'cache-control' => 'max-age=0',
  'connection' => 'keep-alive',
  'host' => 'mythink.test',
)
[ info ] [ PARAM ] array (
  '__token__' => 'e0164619297a0c88d18798fb805ba19a5c290eff',
  'name' => 'sdaad',
  'email' => 'sdaa@123.com',
  'password' => '',
  'password_confirm' => '',
)
[ info ] [ DB ] INIT mysql
[ sql ] [ DB ] CONNECT:[ UseTime:0.058618s ] mysql:host=127.0.0.1;dbname=mythink;charset=utf8
[ sql ] [ SQL ] SHOW COLUMNS FROM `users` [ RunTime:0.020930s ]
[ sql ] [ SQL ] SELECT `id` FROM `users` WHERE  `name` = 'sdaad' LIMIT 1 [ RunTime:0.012509s ]
[ sql ] [ SQL ] SELECT `id` FROM `users` WHERE  `email` = 'sdaa@123.com' LIMIT 1 [ RunTime:0.008791s ]
---------------------------------------------------------------
[ 2018-11-21T23:07:22+08:00 ] 192.168.28.119 GET mythink.test/user/auth/create.html
[运行时间：0.032993s] [吞吐率：30.31req/s] [内存消耗：1,476.45kb] [文件加载：68]
[ info ] [ LANG ] D:\wwwroot\mythink.test\mythink\thinkphp\lang\zh-cn.php
[ info ] [ ROUTE ] array (
)
[ info ] [ HEADER ] array (
  'accept-encoding' => 'gzip, deflate',
  'cookie' => 'PHPSESSID=f94n5ek2962afhfj2dqboos1jp',
  'accept-language' => 'zh-CN,zh;q=0.9',
  'referer' => 'http://mythink.test/',
  'accept' => 'text/html,application/xhtml+xml,application/xml;q=0.9,image/webp,image/apng,*/*;q=0.8',
  'user-agent' => 'Mozilla/5.0 (Windows NT 10.0; Win64; x64) AppleWebKit/537.36 (KHTML, like Gecko) Chrome/70.0.3538.110 Safari/537.36',
  'upgrade-insecure-requests' => '1',
  'connection' => 'keep-alive',
  'host' => 'mythink.test',
  'content-length' => '',
  'content-type' => '',
)
[ info ] [ PARAM ] array (
)
[ info ] [ VIEW ] D:\wwwroot\mythink.test\mythink\resources\views\user\auth\create.html [ array (
  0 => 'token',
) ]
---------------------------------------------------------------
[ 2018-11-21T23:07:25+08:00 ] 192.168.28.119 POST mythink.test/user/auth/save.html
[运行时间：0.053666s] [吞吐率：18.63req/s] [内存消耗：2,259.42kb] [文件加载：73]
[ info ] [ LANG ] D:\wwwroot\mythink.test\mythink\thinkphp\lang\zh-cn.php
[ info ] [ ROUTE ] array (
)
[ info ] [ HEADER ] array (
  'content-length' => '114',
  'accept-encoding' => 'gzip, deflate',
  'cookie' => 'PHPSESSID=f94n5ek2962afhfj2dqboos1jp',
  'accept-language' => 'zh-CN,zh;q=0.9',
  'referer' => 'http://mythink.test/user/auth/create.html',
  'accept' => 'text/html,application/xhtml+xml,application/xml;q=0.9,image/webp,image/apng,*/*;q=0.8',
  'user-agent' => 'Mozilla/5.0 (Windows NT 10.0; Win64; x64) AppleWebKit/537.36 (KHTML, like Gecko) Chrome/70.0.3538.110 Safari/537.36',
  'content-type' => 'application/x-www-form-urlencoded',
  'upgrade-insecure-requests' => '1',
  'origin' => 'http://mythink.test',
  'cache-control' => 'max-age=0',
  'connection' => 'keep-alive',
  'host' => 'mythink.test',
)
[ info ] [ PARAM ] array (
  '__token__' => '33af886df179aaf999cecf61c09a31299b1c53b8',
  'name' => 'sdaad',
  'email' => 'sdaa@123.com',
  'password' => '123',
  'password_confirm' => '2',
)
[ info ] [ DB ] INIT mysql
[ sql ] [ DB ] CONNECT:[ UseTime:0.003067s ] mysql:host=127.0.0.1;dbname=mythink;charset=utf8
[ sql ] [ SQL ] SHOW COLUMNS FROM `users` [ RunTime:0.004334s ]
[ sql ] [ SQL ] SELECT `id` FROM `users` WHERE  `name` = 'sdaad' LIMIT 1 [ RunTime:0.001908s ]
[ sql ] [ SQL ] SELECT `id` FROM `users` WHERE  `email` = 'sdaa@123.com' LIMIT 1 [ RunTime:0.001757s ]
---------------------------------------------------------------
[ 2018-11-21T23:07:26+08:00 ] 192.168.28.119 GET mythink.test/user/auth/create.html
[运行时间：0.030600s] [吞吐率：32.68req/s] [内存消耗：1,476.45kb] [文件加载：68]
[ info ] [ LANG ] D:\wwwroot\mythink.test\mythink\thinkphp\lang\zh-cn.php
[ info ] [ ROUTE ] array (
)
[ info ] [ HEADER ] array (
  'accept-encoding' => 'gzip, deflate',
  'cookie' => 'PHPSESSID=f94n5ek2962afhfj2dqboos1jp',
  'accept-language' => 'zh-CN,zh;q=0.9',
  'referer' => 'http://mythink.test/',
  'accept' => 'text/html,application/xhtml+xml,application/xml;q=0.9,image/webp,image/apng,*/*;q=0.8',
  'user-agent' => 'Mozilla/5.0 (Windows NT 10.0; Win64; x64) AppleWebKit/537.36 (KHTML, like Gecko) Chrome/70.0.3538.110 Safari/537.36',
  'upgrade-insecure-requests' => '1',
  'connection' => 'keep-alive',
  'host' => 'mythink.test',
  'content-length' => '',
  'content-type' => '',
)
[ info ] [ PARAM ] array (
)
[ info ] [ VIEW ] D:\wwwroot\mythink.test\mythink\resources\views\user\auth\create.html [ array (
  0 => 'token',
) ]
---------------------------------------------------------------
[ 2018-11-21T23:07:30+08:00 ] 192.168.28.119 POST mythink.test/user/auth/save.html
[运行时间：0.052126s] [吞吐率：19.18req/s] [内存消耗：2,259.43kb] [文件加载：73]
[ info ] [ LANG ] D:\wwwroot\mythink.test\mythink\thinkphp\lang\zh-cn.php
[ info ] [ ROUTE ] array (
)
[ info ] [ HEADER ] array (
  'content-length' => '117',
  'accept-encoding' => 'gzip, deflate',
  'cookie' => 'PHPSESSID=f94n5ek2962afhfj2dqboos1jp',
  'accept-language' => 'zh-CN,zh;q=0.9',
  'referer' => 'http://mythink.test/user/auth/create.html',
  'accept' => 'text/html,application/xhtml+xml,application/xml;q=0.9,image/webp,image/apng,*/*;q=0.8',
  'user-agent' => 'Mozilla/5.0 (Windows NT 10.0; Win64; x64) AppleWebKit/537.36 (KHTML, like Gecko) Chrome/70.0.3538.110 Safari/537.36',
  'content-type' => 'application/x-www-form-urlencoded',
  'upgrade-insecure-requests' => '1',
  'origin' => 'http://mythink.test',
  'cache-control' => 'max-age=0',
  'connection' => 'keep-alive',
  'host' => 'mythink.test',
)
[ info ] [ PARAM ] array (
  '__token__' => 'c3197a6f852f770d08efff76f5b262bd59b8e80a',
  'name' => 'sdaad',
  'email' => 'sdaa@123.com',
  'password' => '123456',
  'password_confirm' => '2',
)
[ info ] [ DB ] INIT mysql
[ sql ] [ DB ] CONNECT:[ UseTime:0.003102s ] mysql:host=127.0.0.1;dbname=mythink;charset=utf8
[ sql ] [ SQL ] SHOW COLUMNS FROM `users` [ RunTime:0.003526s ]
[ sql ] [ SQL ] SELECT `id` FROM `users` WHERE  `name` = 'sdaad' LIMIT 1 [ RunTime:0.001735s ]
[ sql ] [ SQL ] SELECT `id` FROM `users` WHERE  `email` = 'sdaa@123.com' LIMIT 1 [ RunTime:0.002096s ]
---------------------------------------------------------------
[ 2018-11-21T23:07:31+08:00 ] 192.168.28.119 GET mythink.test/user/auth/create.html
[运行时间：0.036123s] [吞吐率：27.68req/s] [内存消耗：1,476.45kb] [文件加载：68]
[ info ] [ LANG ] D:\wwwroot\mythink.test\mythink\thinkphp\lang\zh-cn.php
[ info ] [ ROUTE ] array (
)
[ info ] [ HEADER ] array (
  'accept-encoding' => 'gzip, deflate',
  'cookie' => 'PHPSESSID=f94n5ek2962afhfj2dqboos1jp',
  'accept-language' => 'zh-CN,zh;q=0.9',
  'referer' => 'http://mythink.test/',
  'accept' => 'text/html,application/xhtml+xml,application/xml;q=0.9,image/webp,image/apng,*/*;q=0.8',
  'user-agent' => 'Mozilla/5.0 (Windows NT 10.0; Win64; x64) AppleWebKit/537.36 (KHTML, like Gecko) Chrome/70.0.3538.110 Safari/537.36',
  'upgrade-insecure-requests' => '1',
  'connection' => 'keep-alive',
  'host' => 'mythink.test',
  'content-length' => '',
  'content-type' => '',
)
[ info ] [ PARAM ] array (
)
[ info ] [ VIEW ] D:\wwwroot\mythink.test\mythink\resources\views\user\auth\create.html [ array (
  0 => 'token',
) ]
---------------------------------------------------------------
[ 2018-11-21T23:07:37+08:00 ] 192.168.28.119 POST mythink.test/user/auth/save.html
[运行时间：0.051166s] [吞吐率：19.54req/s] [内存消耗：2,259.38kb] [文件加载：73]
[ info ] [ LANG ] D:\wwwroot\mythink.test\mythink\thinkphp\lang\zh-cn.php
[ info ] [ ROUTE ] array (
)
[ info ] [ HEADER ] array (
  'content-length' => '122',
  'accept-encoding' => 'gzip, deflate',
  'cookie' => 'PHPSESSID=f94n5ek2962afhfj2dqboos1jp',
  'accept-language' => 'zh-CN,zh;q=0.9',
  'referer' => 'http://mythink.test/user/auth/create.html',
  'accept' => 'text/html,application/xhtml+xml,application/xml;q=0.9,image/webp,image/apng,*/*;q=0.8',
  'user-agent' => 'Mozilla/5.0 (Windows NT 10.0; Win64; x64) AppleWebKit/537.36 (KHTML, like Gecko) Chrome/70.0.3538.110 Safari/537.36',
  'content-type' => 'application/x-www-form-urlencoded',
  'upgrade-insecure-requests' => '1',
  'origin' => 'http://mythink.test',
  'cache-control' => 'max-age=0',
  'connection' => 'keep-alive',
  'host' => 'mythink.test',
)
[ info ] [ PARAM ] array (
  '__token__' => 'e557f208e63b54daa37cba1cf3387f3c39b314a6',
  'name' => 'sdaad',
  'email' => 'sdaa@123.com',
  'password' => '123456',
  'password_confirm' => '123456',
)
[ info ] [ DB ] INIT mysql
[ sql ] [ DB ] CONNECT:[ UseTime:0.002657s ] mysql:host=127.0.0.1;dbname=mythink;charset=utf8
[ sql ] [ SQL ] SHOW COLUMNS FROM `users` [ RunTime:0.002168s ]
[ sql ] [ SQL ] SELECT `id` FROM `users` WHERE  `name` = 'sdaad' LIMIT 1 [ RunTime:0.002123s ]
[ sql ] [ SQL ] SELECT `id` FROM `users` WHERE  `email` = 'sdaa@123.com' LIMIT 1 [ RunTime:0.001513s ]
---------------------------------------------------------------
[ 2018-11-21T23:08:34+08:00 ] 192.168.28.119 GET mythink.test/user/auth/create.html
[运行时间：0.050150s] [吞吐率：19.94req/s] [内存消耗：1,476.42kb] [文件加载：68]
[ info ] [ LANG ] D:\wwwroot\mythink.test\mythink\thinkphp\lang\zh-cn.php
[ info ] [ ROUTE ] array (
)
[ info ] [ HEADER ] array (
  'accept-encoding' => 'gzip, deflate',
  'cookie' => 'PHPSESSID=f94n5ek2962afhfj2dqboos1jp',
  'accept-language' => 'zh-CN,zh;q=0.9',
  'referer' => 'http://mythink.test/',
  'accept' => 'text/html,application/xhtml+xml,application/xml;q=0.9,image/webp,image/apng,*/*;q=0.8',
  'user-agent' => 'Mozilla/5.0 (Windows NT 10.0; Win64; x64) AppleWebKit/537.36 (KHTML, like Gecko) Chrome/70.0.3538.110 Safari/537.36',
  'upgrade-insecure-requests' => '1',
  'connection' => 'keep-alive',
  'host' => 'mythink.test',
  'content-length' => '',
  'content-type' => '',
)
[ info ] [ PARAM ] array (
)
[ info ] [ VIEW ] D:\wwwroot\mythink.test\mythink\resources\views\user\auth\create.html [ array (
  0 => 'token',
) ]
---------------------------------------------------------------
[ 2018-11-21T23:08:35+08:00 ] 192.168.28.119 POST mythink.test/user/auth/save.html
[运行时间：0.047741s] [吞吐率：20.95req/s] [内存消耗：2,259.35kb] [文件加载：73]
[ info ] [ LANG ] D:\wwwroot\mythink.test\mythink\thinkphp\lang\zh-cn.php
[ info ] [ ROUTE ] array (
)
[ info ] [ HEADER ] array (
  'content-length' => '110',
  'accept-encoding' => 'gzip, deflate',
  'cookie' => 'PHPSESSID=f94n5ek2962afhfj2dqboos1jp',
  'accept-language' => 'zh-CN,zh;q=0.9',
  'referer' => 'http://mythink.test/user/auth/create.html',
  'accept' => 'text/html,application/xhtml+xml,application/xml;q=0.9,image/webp,image/apng,*/*;q=0.8',
  'user-agent' => 'Mozilla/5.0 (Windows NT 10.0; Win64; x64) AppleWebKit/537.36 (KHTML, like Gecko) Chrome/70.0.3538.110 Safari/537.36',
  'content-type' => 'application/x-www-form-urlencoded',
  'upgrade-insecure-requests' => '1',
  'origin' => 'http://mythink.test',
  'cache-control' => 'max-age=0',
  'connection' => 'keep-alive',
  'host' => 'mythink.test',
)
[ info ] [ PARAM ] array (
  '__token__' => '52aee7bb80361b6eef085ef678ecef9ffa49ca86',
  'name' => 'sdaad',
  'email' => 'sdaa@123.com',
  'password' => '',
  'password_confirm' => '',
)
[ info ] [ DB ] INIT mysql
[ sql ] [ DB ] CONNECT:[ UseTime:0.002366s ] mysql:host=127.0.0.1;dbname=mythink;charset=utf8
[ sql ] [ SQL ] SHOW COLUMNS FROM `users` [ RunTime:0.003359s ]
[ sql ] [ SQL ] SELECT `id` FROM `users` WHERE  `name` = 'sdaad' LIMIT 1 [ RunTime:0.001842s ]
[ sql ] [ SQL ] SELECT `id` FROM `users` WHERE  `email` = 'sdaa@123.com' LIMIT 1 [ RunTime:0.001470s ]
---------------------------------------------------------------
[ 2018-11-21T23:08:36+08:00 ] 192.168.28.119 GET mythink.test/user/auth/create.html
[运行时间：0.036882s] [吞吐率：27.11req/s] [内存消耗：1,476.42kb] [文件加载：68]
[ info ] [ LANG ] D:\wwwroot\mythink.test\mythink\thinkphp\lang\zh-cn.php
[ info ] [ ROUTE ] array (
)
[ info ] [ HEADER ] array (
  'accept-encoding' => 'gzip, deflate',
  'cookie' => 'PHPSESSID=f94n5ek2962afhfj2dqboos1jp',
  'accept-language' => 'zh-CN,zh;q=0.9',
  'referer' => 'http://mythink.test/',
  'accept' => 'text/html,application/xhtml+xml,application/xml;q=0.9,image/webp,image/apng,*/*;q=0.8',
  'user-agent' => 'Mozilla/5.0 (Windows NT 10.0; Win64; x64) AppleWebKit/537.36 (KHTML, like Gecko) Chrome/70.0.3538.110 Safari/537.36',
  'upgrade-insecure-requests' => '1',
  'connection' => 'keep-alive',
  'host' => 'mythink.test',
  'content-length' => '',
  'content-type' => '',
)
[ info ] [ PARAM ] array (
)
[ info ] [ VIEW ] D:\wwwroot\mythink.test\mythink\resources\views\user\auth\create.html [ array (
  0 => 'token',
) ]
---------------------------------------------------------------
[ 2018-11-21T23:08:38+08:00 ] 192.168.28.119 GET mythink.test/user/auth/create.html
[运行时间：0.037795s] [吞吐率：26.46req/s] [内存消耗：1,476.70kb] [文件加载：68]
[ info ] [ LANG ] D:\wwwroot\mythink.test\mythink\thinkphp\lang\zh-cn.php
[ info ] [ ROUTE ] array (
)
[ info ] [ HEADER ] array (
  'accept-encoding' => 'gzip, deflate',
  'cookie' => 'PHPSESSID=f94n5ek2962afhfj2dqboos1jp',
  'accept-language' => 'zh-CN,zh;q=0.9',
  'referer' => 'http://mythink.test/',
  'accept' => 'text/html,application/xhtml+xml,application/xml;q=0.9,image/webp,image/apng,*/*;q=0.8',
  'user-agent' => 'Mozilla/5.0 (Windows NT 10.0; Win64; x64) AppleWebKit/537.36 (KHTML, like Gecko) Chrome/70.0.3538.110 Safari/537.36',
  'upgrade-insecure-requests' => '1',
  'cache-control' => 'max-age=0',
  'connection' => 'keep-alive',
  'host' => 'mythink.test',
  'content-length' => '',
  'content-type' => '',
)
[ info ] [ PARAM ] array (
)
[ info ] [ VIEW ] D:\wwwroot\mythink.test\mythink\resources\views\user\auth\create.html [ array (
  0 => 'token',
) ]
---------------------------------------------------------------
[ 2018-11-21T23:08:38+08:00 ] 192.168.28.119 GET mythink.test/static/css/app.css
[运行时间：0.043613s] [吞吐率：22.93req/s] [内存消耗：1,051.45kb] [文件加载：53]
[ info ] [ LANG ] D:\wwwroot\mythink.test\mythink\thinkphp\lang\zh-cn.php
---------------------------------------------------------------
[ 2018-11-21T23:08:38+08:00 ] 192.168.28.119 GET mythink.test/static/js/app.js
[运行时间：0.065806s] [吞吐率：15.20req/s] [内存消耗：1,051.45kb] [文件加载：53]
[ info ] [ LANG ] D:\wwwroot\mythink.test\mythink\thinkphp\lang\zh-cn.php
---------------------------------------------------------------
[ 2018-11-21T23:08:38+08:00 ] 192.168.28.119 GET mythink.test/static/css/app.css
[运行时间：0.041960s] [吞吐率：23.83req/s] [内存消耗：1,051.46kb] [文件加载：53]
[ info ] [ LANG ] D:\wwwroot\mythink.test\mythink\thinkphp\lang\zh-cn.php
---------------------------------------------------------------
[ 2018-11-21T23:08:38+08:00 ] 192.168.28.119 GET mythink.test/static/js/app.js
[运行时间：0.049669s] [吞吐率：20.13req/s] [内存消耗：1,051.46kb] [文件加载：53]
[ info ] [ LANG ] D:\wwwroot\mythink.test\mythink\thinkphp\lang\zh-cn.php
---------------------------------------------------------------
[ 2018-11-21T23:08:39+08:00 ] 192.168.28.119 POST mythink.test/user/auth/save.html
[运行时间：0.032020s] [吞吐率：31.23req/s] [内存消耗：1,536.17kb] [文件加载：67]
[ info ] [ LANG ] D:\wwwroot\mythink.test\mythink\thinkphp\lang\zh-cn.php
[ info ] [ ROUTE ] array (
)
[ info ] [ HEADER ] array (
  'content-length' => '91',
  'accept-encoding' => 'gzip, deflate',
  'cookie' => 'PHPSESSID=f94n5ek2962afhfj2dqboos1jp',
  'accept-language' => 'zh-CN,zh;q=0.9',
  'referer' => 'http://mythink.test/user/auth/create.html',
  'accept' => 'text/html,application/xhtml+xml,application/xml;q=0.9,image/webp,image/apng,*/*;q=0.8',
  'user-agent' => 'Mozilla/5.0 (Windows NT 10.0; Win64; x64) AppleWebKit/537.36 (KHTML, like Gecko) Chrome/70.0.3538.110 Safari/537.36',
  'content-type' => 'application/x-www-form-urlencoded',
  'upgrade-insecure-requests' => '1',
  'origin' => 'http://mythink.test',
  'cache-control' => 'max-age=0',
  'connection' => 'keep-alive',
  'host' => 'mythink.test',
)
[ info ] [ PARAM ] array (
  '__token__' => '162958a726dc9c7cb3a4031140148cb6a0b77e50',
  'name' => '',
  'email' => '',
  'password' => '',
  'password_confirm' => '',
)
---------------------------------------------------------------
[ 2018-11-21T23:08:40+08:00 ] 192.168.28.119 GET mythink.test/user/auth/create.html
[运行时间：0.040150s] [吞吐率：24.91req/s] [内存消耗：1,476.52kb] [文件加载：68]
[ info ] [ LANG ] D:\wwwroot\mythink.test\mythink\thinkphp\lang\zh-cn.php
[ info ] [ ROUTE ] array (
)
[ info ] [ HEADER ] array (
  'accept-encoding' => 'gzip, deflate',
  'cookie' => 'PHPSESSID=f94n5ek2962afhfj2dqboos1jp',
  'accept-language' => 'zh-CN,zh;q=0.9',
  'referer' => 'http://mythink.test/',
  'accept' => 'text/html,application/xhtml+xml,application/xml;q=0.9,image/webp,image/apng,*/*;q=0.8',
  'user-agent' => 'Mozilla/5.0 (Windows NT 10.0; Win64; x64) AppleWebKit/537.36 (KHTML, like Gecko) Chrome/70.0.3538.110 Safari/537.36',
  'upgrade-insecure-requests' => '1',
  'connection' => 'keep-alive',
  'host' => 'mythink.test',
  'content-length' => '',
  'content-type' => '',
)
[ info ] [ PARAM ] array (
)
[ info ] [ VIEW ] D:\wwwroot\mythink.test\mythink\resources\views\user\auth\create.html [ array (
  0 => 'token',
) ]
---------------------------------------------------------------
[ 2018-11-21T23:11:15+08:00 ] 192.168.28.119 POST mythink.test/user/auth/save.html
[运行时间：0.057636s] [吞吐率：17.35req/s] [内存消耗：1,536.23kb] [文件加载：67]
[ info ] [ LANG ] D:\wwwroot\mythink.test\mythink\thinkphp\lang\zh-cn.php
[ info ] [ ROUTE ] array (
)
[ info ] [ HEADER ] array (
  'content-length' => '91',
  'accept-encoding' => 'gzip, deflate',
  'cookie' => 'PHPSESSID=f94n5ek2962afhfj2dqboos1jp',
  'accept-language' => 'zh-CN,zh;q=0.9',
  'referer' => 'http://mythink.test/user/auth/create.html',
  'accept' => 'text/html,application/xhtml+xml,application/xml;q=0.9,image/webp,image/apng,*/*;q=0.8',
  'user-agent' => 'Mozilla/5.0 (Windows NT 10.0; Win64; x64) AppleWebKit/537.36 (KHTML, like Gecko) Chrome/70.0.3538.110 Safari/537.36',
  'content-type' => 'application/x-www-form-urlencoded',
  'upgrade-insecure-requests' => '1',
  'origin' => 'http://mythink.test',
  'cache-control' => 'max-age=0',
  'connection' => 'keep-alive',
  'host' => 'mythink.test',
)
[ info ] [ PARAM ] array (
  '__token__' => '36bfd80f8c021fe176005d8a0b7ddb5ad90b7a1a',
  'name' => '',
  'email' => '',
  'password' => '',
  'password_confirm' => '',
)
---------------------------------------------------------------
[ 2018-11-21T23:11:19+08:00 ] 192.168.28.119 GET mythink.test/user/auth/create.html
[运行时间：0.030386s] [吞吐率：32.91req/s] [内存消耗：1,476.58kb] [文件加载：68]
[ info ] [ LANG ] D:\wwwroot\mythink.test\mythink\thinkphp\lang\zh-cn.php
[ info ] [ ROUTE ] array (
)
[ info ] [ HEADER ] array (
  'accept-encoding' => 'gzip, deflate',
  'cookie' => 'PHPSESSID=f94n5ek2962afhfj2dqboos1jp',
  'accept-language' => 'zh-CN,zh;q=0.9',
  'referer' => 'http://mythink.test/',
  'accept' => 'text/html,application/xhtml+xml,application/xml;q=0.9,image/webp,image/apng,*/*;q=0.8',
  'user-agent' => 'Mozilla/5.0 (Windows NT 10.0; Win64; x64) AppleWebKit/537.36 (KHTML, like Gecko) Chrome/70.0.3538.110 Safari/537.36',
  'upgrade-insecure-requests' => '1',
  'connection' => 'keep-alive',
  'host' => 'mythink.test',
  'content-length' => '',
  'content-type' => '',
)
[ info ] [ PARAM ] array (
)
[ info ] [ VIEW ] D:\wwwroot\mythink.test\mythink\resources\views\user\auth\create.html [ array (
  0 => 'token',
) ]
---------------------------------------------------------------
[ 2018-11-21T23:11:56+08:00 ] 192.168.28.119 POST mythink.test/user/auth/save.html
[运行时间：0.033011s] [吞吐率：30.29req/s] [内存消耗：1,536.23kb] [文件加载：67]
[ info ] [ LANG ] D:\wwwroot\mythink.test\mythink\thinkphp\lang\zh-cn.php
[ info ] [ ROUTE ] array (
)
[ info ] [ HEADER ] array (
  'content-length' => '91',
  'accept-encoding' => 'gzip, deflate',
  'cookie' => 'PHPSESSID=f94n5ek2962afhfj2dqboos1jp',
  'accept-language' => 'zh-CN,zh;q=0.9',
  'referer' => 'http://mythink.test/user/auth/create.html',
  'accept' => 'text/html,application/xhtml+xml,application/xml;q=0.9,image/webp,image/apng,*/*;q=0.8',
  'user-agent' => 'Mozilla/5.0 (Windows NT 10.0; Win64; x64) AppleWebKit/537.36 (KHTML, like Gecko) Chrome/70.0.3538.110 Safari/537.36',
  'content-type' => 'application/x-www-form-urlencoded',
  'upgrade-insecure-requests' => '1',
  'origin' => 'http://mythink.test',
  'cache-control' => 'max-age=0',
  'connection' => 'keep-alive',
  'host' => 'mythink.test',
)
[ info ] [ PARAM ] array (
  '__token__' => '72559965ecd26242d9bd866d138b32e5389d1933',
  'name' => '',
  'email' => '',
  'password' => '',
  'password_confirm' => '',
)
---------------------------------------------------------------
[ 2018-11-21T23:11:57+08:00 ] 192.168.28.119 GET mythink.test/user/auth/create.html
[运行时间：0.032699s] [吞吐率：30.58req/s] [内存消耗：1,476.58kb] [文件加载：68]
[ info ] [ LANG ] D:\wwwroot\mythink.test\mythink\thinkphp\lang\zh-cn.php
[ info ] [ ROUTE ] array (
)
[ info ] [ HEADER ] array (
  'accept-encoding' => 'gzip, deflate',
  'cookie' => 'PHPSESSID=f94n5ek2962afhfj2dqboos1jp',
  'accept-language' => 'zh-CN,zh;q=0.9',
  'referer' => 'http://mythink.test/',
  'accept' => 'text/html,application/xhtml+xml,application/xml;q=0.9,image/webp,image/apng,*/*;q=0.8',
  'user-agent' => 'Mozilla/5.0 (Windows NT 10.0; Win64; x64) AppleWebKit/537.36 (KHTML, like Gecko) Chrome/70.0.3538.110 Safari/537.36',
  'upgrade-insecure-requests' => '1',
  'connection' => 'keep-alive',
  'host' => 'mythink.test',
  'content-length' => '',
  'content-type' => '',
)
[ info ] [ PARAM ] array (
)
[ info ] [ VIEW ] D:\wwwroot\mythink.test\mythink\resources\views\user\auth\create.html [ array (
  0 => 'token',
) ]
---------------------------------------------------------------
[ 2018-11-21T23:11:58+08:00 ] 192.168.28.119 GET mythink.test/user/auth/create.html
[运行时间：0.032049s] [吞吐率：31.20req/s] [内存消耗：1,476.77kb] [文件加载：68]
[ info ] [ LANG ] D:\wwwroot\mythink.test\mythink\thinkphp\lang\zh-cn.php
[ info ] [ ROUTE ] array (
)
[ info ] [ HEADER ] array (
  'accept-encoding' => 'gzip, deflate',
  'cookie' => 'PHPSESSID=f94n5ek2962afhfj2dqboos1jp',
  'accept-language' => 'zh-CN,zh;q=0.9',
  'referer' => 'http://mythink.test/',
  'accept' => 'text/html,application/xhtml+xml,application/xml;q=0.9,image/webp,image/apng,*/*;q=0.8',
  'user-agent' => 'Mozilla/5.0 (Windows NT 10.0; Win64; x64) AppleWebKit/537.36 (KHTML, like Gecko) Chrome/70.0.3538.110 Safari/537.36',
  'upgrade-insecure-requests' => '1',
  'cache-control' => 'max-age=0',
  'connection' => 'keep-alive',
  'host' => 'mythink.test',
  'content-length' => '',
  'content-type' => '',
)
[ info ] [ PARAM ] array (
)
[ info ] [ VIEW ] D:\wwwroot\mythink.test\mythink\resources\views\user\auth\create.html [ array (
  0 => 'token',
) ]
---------------------------------------------------------------
[ 2018-11-21T23:11:58+08:00 ] 192.168.28.119 GET mythink.test/static/css/app.css
[运行时间：0.036536s] [吞吐率：27.37req/s] [内存消耗：1,051.45kb] [文件加载：53]
[ info ] [ LANG ] D:\wwwroot\mythink.test\mythink\thinkphp\lang\zh-cn.php
---------------------------------------------------------------
[ 2018-11-21T23:11:58+08:00 ] 192.168.28.119 GET mythink.test/static/js/app.js
[运行时间：0.089444s] [吞吐率：11.18req/s] [内存消耗：1,051.45kb] [文件加载：53]
[ info ] [ LANG ] D:\wwwroot\mythink.test\mythink\thinkphp\lang\zh-cn.php
---------------------------------------------------------------
[ 2018-11-21T23:11:58+08:00 ] 192.168.28.119 GET mythink.test/static/css/app.css
[运行时间：0.047803s] [吞吐率：20.92req/s] [内存消耗：1,051.46kb] [文件加载：53]
[ info ] [ LANG ] D:\wwwroot\mythink.test\mythink\thinkphp\lang\zh-cn.php
---------------------------------------------------------------
[ 2018-11-21T23:11:58+08:00 ] 192.168.28.119 GET mythink.test/static/js/app.js
[运行时间：0.040835s] [吞吐率：24.49req/s] [内存消耗：1,051.46kb] [文件加载：53]
[ info ] [ LANG ] D:\wwwroot\mythink.test\mythink\thinkphp\lang\zh-cn.php
---------------------------------------------------------------
[ 2018-11-21T23:11:59+08:00 ] 192.168.28.119 POST mythink.test/user/auth/save.html
[运行时间：0.030668s] [吞吐率：32.61req/s] [内存消耗：1,536.23kb] [文件加载：67]
[ info ] [ LANG ] D:\wwwroot\mythink.test\mythink\thinkphp\lang\zh-cn.php
[ info ] [ ROUTE ] array (
)
[ info ] [ HEADER ] array (
  'content-length' => '91',
  'accept-encoding' => 'gzip, deflate',
  'cookie' => 'PHPSESSID=f94n5ek2962afhfj2dqboos1jp',
  'accept-language' => 'zh-CN,zh;q=0.9',
  'referer' => 'http://mythink.test/user/auth/create.html',
  'accept' => 'text/html,application/xhtml+xml,application/xml;q=0.9,image/webp,image/apng,*/*;q=0.8',
  'user-agent' => 'Mozilla/5.0 (Windows NT 10.0; Win64; x64) AppleWebKit/537.36 (KHTML, like Gecko) Chrome/70.0.3538.110 Safari/537.36',
  'content-type' => 'application/x-www-form-urlencoded',
  'upgrade-insecure-requests' => '1',
  'origin' => 'http://mythink.test',
  'cache-control' => 'max-age=0',
  'connection' => 'keep-alive',
  'host' => 'mythink.test',
)
[ info ] [ PARAM ] array (
  '__token__' => '2765ebb6d9613505bceef5458e4988563a358683',
  'name' => '',
  'email' => '',
  'password' => '',
  'password_confirm' => '',
)
---------------------------------------------------------------
[ 2018-11-21T23:12:00+08:00 ] 192.168.28.119 GET mythink.test/user/auth/create.html
[运行时间：0.050599s] [吞吐率：19.76req/s] [内存消耗：1,476.58kb] [文件加载：68]
[ info ] [ LANG ] D:\wwwroot\mythink.test\mythink\thinkphp\lang\zh-cn.php
[ info ] [ ROUTE ] array (
)
[ info ] [ HEADER ] array (
  'accept-encoding' => 'gzip, deflate',
  'cookie' => 'PHPSESSID=f94n5ek2962afhfj2dqboos1jp',
  'accept-language' => 'zh-CN,zh;q=0.9',
  'referer' => 'http://mythink.test/',
  'accept' => 'text/html,application/xhtml+xml,application/xml;q=0.9,image/webp,image/apng,*/*;q=0.8',
  'user-agent' => 'Mozilla/5.0 (Windows NT 10.0; Win64; x64) AppleWebKit/537.36 (KHTML, like Gecko) Chrome/70.0.3538.110 Safari/537.36',
  'upgrade-insecure-requests' => '1',
  'connection' => 'keep-alive',
  'host' => 'mythink.test',
  'content-length' => '',
  'content-type' => '',
)
[ info ] [ PARAM ] array (
)
[ info ] [ VIEW ] D:\wwwroot\mythink.test\mythink\resources\views\user\auth\create.html [ array (
  0 => 'token',
) ]
---------------------------------------------------------------
[ 2018-11-21T23:12:09+08:00 ] 192.168.28.119 POST mythink.test/user/auth/save.html
[运行时间：0.028787s] [吞吐率：34.74req/s] [内存消耗：1,536.17kb] [文件加载：67]
[ info ] [ LANG ] D:\wwwroot\mythink.test\mythink\thinkphp\lang\zh-cn.php
[ info ] [ ROUTE ] array (
)
[ info ] [ HEADER ] array (
  'content-length' => '91',
  'accept-encoding' => 'gzip, deflate',
  'cookie' => 'PHPSESSID=f94n5ek2962afhfj2dqboos1jp',
  'accept-language' => 'zh-CN,zh;q=0.9',
  'referer' => 'http://mythink.test/user/auth/create.html',
  'accept' => 'text/html,application/xhtml+xml,application/xml;q=0.9,image/webp,image/apng,*/*;q=0.8',
  'user-agent' => 'Mozilla/5.0 (Windows NT 10.0; Win64; x64) AppleWebKit/537.36 (KHTML, like Gecko) Chrome/70.0.3538.110 Safari/537.36',
  'content-type' => 'application/x-www-form-urlencoded',
  'upgrade-insecure-requests' => '1',
  'origin' => 'http://mythink.test',
  'cache-control' => 'max-age=0',
  'connection' => 'keep-alive',
  'host' => 'mythink.test',
)
[ info ] [ PARAM ] array (
  '__token__' => '76a282773e5d9f08deedea1646cf5f79a81e3f33',
  'name' => '',
  'email' => '',
  'password' => '',
  'password_confirm' => '',
)
---------------------------------------------------------------
[ 2018-11-21T23:12:11+08:00 ] 192.168.28.119 GET mythink.test/user/auth/create.html
[运行时间：0.030089s] [吞吐率：33.23req/s] [内存消耗：1,476.52kb] [文件加载：68]
[ info ] [ LANG ] D:\wwwroot\mythink.test\mythink\thinkphp\lang\zh-cn.php
[ info ] [ ROUTE ] array (
)
[ info ] [ HEADER ] array (
  'accept-encoding' => 'gzip, deflate',
  'cookie' => 'PHPSESSID=f94n5ek2962afhfj2dqboos1jp',
  'accept-language' => 'zh-CN,zh;q=0.9',
  'referer' => 'http://mythink.test/',
  'accept' => 'text/html,application/xhtml+xml,application/xml;q=0.9,image/webp,image/apng,*/*;q=0.8',
  'user-agent' => 'Mozilla/5.0 (Windows NT 10.0; Win64; x64) AppleWebKit/537.36 (KHTML, like Gecko) Chrome/70.0.3538.110 Safari/537.36',
  'upgrade-insecure-requests' => '1',
  'connection' => 'keep-alive',
  'host' => 'mythink.test',
  'content-length' => '',
  'content-type' => '',
)
[ info ] [ PARAM ] array (
)
[ info ] [ VIEW ] D:\wwwroot\mythink.test\mythink\resources\views\user\auth\create.html [ array (
  0 => 'token',
) ]
---------------------------------------------------------------
[ 2018-11-21T23:12:30+08:00 ] 192.168.28.119 POST mythink.test/user/auth/save.html
[运行时间：0.037002s] [吞吐率：27.03req/s] [内存消耗：1,536.05kb] [文件加载：67]
[ info ] [ LANG ] D:\wwwroot\mythink.test\mythink\thinkphp\lang\zh-cn.php
[ info ] [ ROUTE ] array (
)
[ info ] [ HEADER ] array (
  'content-length' => '91',
  'accept-encoding' => 'gzip, deflate',
  'cookie' => 'PHPSESSID=f94n5ek2962afhfj2dqboos1jp',
  'accept-language' => 'zh-CN,zh;q=0.9',
  'referer' => 'http://mythink.test/user/auth/create.html',
  'accept' => 'text/html,application/xhtml+xml,application/xml;q=0.9,image/webp,image/apng,*/*;q=0.8',
  'user-agent' => 'Mozilla/5.0 (Windows NT 10.0; Win64; x64) AppleWebKit/537.36 (KHTML, like Gecko) Chrome/70.0.3538.110 Safari/537.36',
  'content-type' => 'application/x-www-form-urlencoded',
  'upgrade-insecure-requests' => '1',
  'origin' => 'http://mythink.test',
  'cache-control' => 'max-age=0',
  'connection' => 'keep-alive',
  'host' => 'mythink.test',
)
[ info ] [ PARAM ] array (
  '__token__' => 'b7c0974c94767c45f9c7791437fd59b84553f0fd',
  'name' => '',
  'email' => '',
  'password' => '',
  'password_confirm' => '',
)
---------------------------------------------------------------
[ 2018-11-21T23:12:31+08:00 ] 192.168.28.119 GET mythink.test/user/auth/create.html
[运行时间：0.034331s] [吞吐率：29.13req/s] [内存消耗：1,476.39kb] [文件加载：68]
[ info ] [ LANG ] D:\wwwroot\mythink.test\mythink\thinkphp\lang\zh-cn.php
[ info ] [ ROUTE ] array (
)
[ info ] [ HEADER ] array (
  'accept-encoding' => 'gzip, deflate',
  'cookie' => 'PHPSESSID=f94n5ek2962afhfj2dqboos1jp',
  'accept-language' => 'zh-CN,zh;q=0.9',
  'referer' => 'http://mythink.test/',
  'accept' => 'text/html,application/xhtml+xml,application/xml;q=0.9,image/webp,image/apng,*/*;q=0.8',
  'user-agent' => 'Mozilla/5.0 (Windows NT 10.0; Win64; x64) AppleWebKit/537.36 (KHTML, like Gecko) Chrome/70.0.3538.110 Safari/537.36',
  'upgrade-insecure-requests' => '1',
  'connection' => 'keep-alive',
  'host' => 'mythink.test',
  'content-length' => '',
  'content-type' => '',
)
[ info ] [ PARAM ] array (
)
[ info ] [ VIEW ] D:\wwwroot\mythink.test\mythink\resources\views\user\auth\create.html [ array (
  0 => 'token',
) ]
---------------------------------------------------------------
[ 2018-11-21T23:12:48+08:00 ] 192.168.28.119 POST mythink.test/user/auth/save.html
[运行时间：0.053149s] [吞吐率：18.82req/s] [内存消耗：2,259.23kb] [文件加载：73]
[ info ] [ LANG ] D:\wwwroot\mythink.test\mythink\thinkphp\lang\zh-cn.php
[ info ] [ ROUTE ] array (
)
[ info ] [ HEADER ] array (
  'content-length' => '110',
  'accept-encoding' => 'gzip, deflate',
  'cookie' => 'PHPSESSID=f94n5ek2962afhfj2dqboos1jp',
  'accept-language' => 'zh-CN,zh;q=0.9',
  'referer' => 'http://mythink.test/user/auth/create.html',
  'accept' => 'text/html,application/xhtml+xml,application/xml;q=0.9,image/webp,image/apng,*/*;q=0.8',
  'user-agent' => 'Mozilla/5.0 (Windows NT 10.0; Win64; x64) AppleWebKit/537.36 (KHTML, like Gecko) Chrome/70.0.3538.110 Safari/537.36',
  'content-type' => 'application/x-www-form-urlencoded',
  'upgrade-insecure-requests' => '1',
  'origin' => 'http://mythink.test',
  'cache-control' => 'max-age=0',
  'connection' => 'keep-alive',
  'host' => 'mythink.test',
)
[ info ] [ PARAM ] array (
  '__token__' => '51d73311167ecc6ca05a57bee86a97f2ded7ad72',
  'name' => 'root',
  'email' => 'root@123.com',
  'password' => '1',
  'password_confirm' => '',
)
[ info ] [ DB ] INIT mysql
[ sql ] [ DB ] CONNECT:[ UseTime:0.003014s ] mysql:host=127.0.0.1;dbname=mythink;charset=utf8
[ sql ] [ SQL ] SHOW COLUMNS FROM `users` [ RunTime:0.003189s ]
[ sql ] [ SQL ] SELECT `id` FROM `users` WHERE  `name` = 'root' LIMIT 1 [ RunTime:0.003865s ]
[ sql ] [ SQL ] SELECT `id` FROM `users` WHERE  `email` = 'root@123.com' LIMIT 1 [ RunTime:0.001676s ]
---------------------------------------------------------------
[ 2018-11-21T23:12:49+08:00 ] 192.168.28.119 GET mythink.test/user/auth/create.html
[运行时间：0.031861s] [吞吐率：31.39req/s] [内存消耗：1,476.30kb] [文件加载：68]
[ info ] [ LANG ] D:\wwwroot\mythink.test\mythink\thinkphp\lang\zh-cn.php
[ info ] [ ROUTE ] array (
)
[ info ] [ HEADER ] array (
  'accept-encoding' => 'gzip, deflate',
  'cookie' => 'PHPSESSID=f94n5ek2962afhfj2dqboos1jp',
  'accept-language' => 'zh-CN,zh;q=0.9',
  'referer' => 'http://mythink.test/',
  'accept' => 'text/html,application/xhtml+xml,application/xml;q=0.9,image/webp,image/apng,*/*;q=0.8',
  'user-agent' => 'Mozilla/5.0 (Windows NT 10.0; Win64; x64) AppleWebKit/537.36 (KHTML, like Gecko) Chrome/70.0.3538.110 Safari/537.36',
  'upgrade-insecure-requests' => '1',
  'connection' => 'keep-alive',
  'host' => 'mythink.test',
  'content-length' => '',
  'content-type' => '',
)
[ info ] [ PARAM ] array (
)
[ info ] [ VIEW ] D:\wwwroot\mythink.test\mythink\resources\views\user\auth\create.html [ array (
  0 => 'token',
) ]
---------------------------------------------------------------
[ 2018-11-21T23:12:53+08:00 ] 192.168.28.119 POST mythink.test/user/auth/save.html
[运行时间：0.052840s] [吞吐率：18.93req/s] [内存消耗：2,259.27kb] [文件加载：73]
[ info ] [ LANG ] D:\wwwroot\mythink.test\mythink\thinkphp\lang\zh-cn.php
[ info ] [ ROUTE ] array (
)
[ info ] [ HEADER ] array (
  'content-length' => '116',
  'accept-encoding' => 'gzip, deflate',
  'cookie' => 'PHPSESSID=f94n5ek2962afhfj2dqboos1jp',
  'accept-language' => 'zh-CN,zh;q=0.9',
  'referer' => 'http://mythink.test/user/auth/create.html',
  'accept' => 'text/html,application/xhtml+xml,application/xml;q=0.9,image/webp,image/apng,*/*;q=0.8',
  'user-agent' => 'Mozilla/5.0 (Windows NT 10.0; Win64; x64) AppleWebKit/537.36 (KHTML, like Gecko) Chrome/70.0.3538.110 Safari/537.36',
  'content-type' => 'application/x-www-form-urlencoded',
  'upgrade-insecure-requests' => '1',
  'origin' => 'http://mythink.test',
  'cache-control' => 'max-age=0',
  'connection' => 'keep-alive',
  'host' => 'mythink.test',
)
[ info ] [ PARAM ] array (
  '__token__' => '96796618d3ab8e700a0966be8866dd6646d8b19e',
  'name' => 'root',
  'email' => 'root@123.com',
  'password' => '123456',
  'password_confirm' => '2',
)
[ info ] [ DB ] INIT mysql
[ sql ] [ DB ] CONNECT:[ UseTime:0.003802s ] mysql:host=127.0.0.1;dbname=mythink;charset=utf8
[ sql ] [ SQL ] SHOW COLUMNS FROM `users` [ RunTime:0.003307s ]
[ sql ] [ SQL ] SELECT `id` FROM `users` WHERE  `name` = 'root' LIMIT 1 [ RunTime:0.001212s ]
[ sql ] [ SQL ] SELECT `id` FROM `users` WHERE  `email` = 'root@123.com' LIMIT 1 [ RunTime:0.001415s ]
---------------------------------------------------------------
[ 2018-11-21T23:12:54+08:00 ] 192.168.28.119 GET mythink.test/user/auth/create.html
[运行时间：0.031136s] [吞吐率：32.12req/s] [内存消耗：1,476.30kb] [文件加载：68]
[ info ] [ LANG ] D:\wwwroot\mythink.test\mythink\thinkphp\lang\zh-cn.php
[ info ] [ ROUTE ] array (
)
[ info ] [ HEADER ] array (
  'accept-encoding' => 'gzip, deflate',
  'cookie' => 'PHPSESSID=f94n5ek2962afhfj2dqboos1jp',
  'accept-language' => 'zh-CN,zh;q=0.9',
  'referer' => 'http://mythink.test/',
  'accept' => 'text/html,application/xhtml+xml,application/xml;q=0.9,image/webp,image/apng,*/*;q=0.8',
  'user-agent' => 'Mozilla/5.0 (Windows NT 10.0; Win64; x64) AppleWebKit/537.36 (KHTML, like Gecko) Chrome/70.0.3538.110 Safari/537.36',
  'upgrade-insecure-requests' => '1',
  'connection' => 'keep-alive',
  'host' => 'mythink.test',
  'content-length' => '',
  'content-type' => '',
)
[ info ] [ PARAM ] array (
)
[ info ] [ VIEW ] D:\wwwroot\mythink.test\mythink\resources\views\user\auth\create.html [ array (
  0 => 'token',
) ]
---------------------------------------------------------------
[ 2018-11-21T23:13:01+08:00 ] 192.168.28.119 POST mythink.test/user/auth/save.html
[运行时间：0.052101s] [吞吐率：19.19req/s] [内存消耗：2,259.99kb] [文件加载：73]
[ info ] [ LANG ] D:\wwwroot\mythink.test\mythink\thinkphp\lang\zh-cn.php
[ info ] [ ROUTE ] array (
)
[ info ] [ HEADER ] array (
  'content-length' => '394',
  'accept-encoding' => 'gzip, deflate',
  'cookie' => 'PHPSESSID=f94n5ek2962afhfj2dqboos1jp',
  'accept-language' => 'zh-CN,zh;q=0.9',
  'referer' => 'http://mythink.test/user/auth/create.html',
  'accept' => 'text/html,application/xhtml+xml,application/xml;q=0.9,image/webp,image/apng,*/*;q=0.8',
  'user-agent' => 'Mozilla/5.0 (Windows NT 10.0; Win64; x64) AppleWebKit/537.36 (KHTML, like Gecko) Chrome/70.0.3538.110 Safari/537.36',
  'content-type' => 'application/x-www-form-urlencoded',
  'upgrade-insecure-requests' => '1',
  'origin' => 'http://mythink.test',
  'cache-control' => 'max-age=0',
  'connection' => 'keep-alive',
  'host' => 'mythink.test',
)
[ info ] [ PARAM ] array (
  '__token__' => 'e8e42e6ec1e38d549c5c8a3d7b6ba3326e83f7d6',
  'name' => 'root',
  'email' => 'root@123.com',
  'password' => '123456',
  'password_confirm' => '$requestData = $request->post();     $result = $this->validate($requestData, \'app\\user\\validate\\Auth\');     if (true !== $result) {         dump($result);     } else {         dump($requestData);     }',
)
[ info ] [ DB ] INIT mysql
[ sql ] [ DB ] CONNECT:[ UseTime:0.002484s ] mysql:host=127.0.0.1;dbname=mythink;charset=utf8
[ sql ] [ SQL ] SHOW COLUMNS FROM `users` [ RunTime:0.002544s ]
[ sql ] [ SQL ] SELECT `id` FROM `users` WHERE  `name` = 'root' LIMIT 1 [ RunTime:0.001415s ]
[ sql ] [ SQL ] SELECT `id` FROM `users` WHERE  `email` = 'root@123.com' LIMIT 1 [ RunTime:0.001516s ]
---------------------------------------------------------------
[ 2018-11-21T23:13:02+08:00 ] 192.168.28.119 GET mythink.test/user/auth/create.html
[运行时间：0.047959s] [吞吐率：20.85req/s] [内存消耗：1,476.30kb] [文件加载：68]
[ info ] [ LANG ] D:\wwwroot\mythink.test\mythink\thinkphp\lang\zh-cn.php
[ info ] [ ROUTE ] array (
)
[ info ] [ HEADER ] array (
  'accept-encoding' => 'gzip, deflate',
  'cookie' => 'PHPSESSID=f94n5ek2962afhfj2dqboos1jp',
  'accept-language' => 'zh-CN,zh;q=0.9',
  'referer' => 'http://mythink.test/',
  'accept' => 'text/html,application/xhtml+xml,application/xml;q=0.9,image/webp,image/apng,*/*;q=0.8',
  'user-agent' => 'Mozilla/5.0 (Windows NT 10.0; Win64; x64) AppleWebKit/537.36 (KHTML, like Gecko) Chrome/70.0.3538.110 Safari/537.36',
  'upgrade-insecure-requests' => '1',
  'connection' => 'keep-alive',
  'host' => 'mythink.test',
  'content-length' => '',
  'content-type' => '',
)
[ info ] [ PARAM ] array (
)
[ info ] [ VIEW ] D:\wwwroot\mythink.test\mythink\resources\views\user\auth\create.html [ array (
  0 => 'token',
) ]
---------------------------------------------------------------
[ 2018-11-21T23:13:09+08:00 ] 192.168.28.119 POST mythink.test/user/auth/save.html
[运行时间：0.061861s] [吞吐率：16.17req/s] [内存消耗：2,259.22kb] [文件加载：73]
[ info ] [ LANG ] D:\wwwroot\mythink.test\mythink\thinkphp\lang\zh-cn.php
[ info ] [ ROUTE ] array (
)
[ info ] [ HEADER ] array (
  'content-length' => '121',
  'accept-encoding' => 'gzip, deflate',
  'cookie' => 'PHPSESSID=f94n5ek2962afhfj2dqboos1jp',
  'accept-language' => 'zh-CN,zh;q=0.9',
  'referer' => 'http://mythink.test/user/auth/create.html',
  'accept' => 'text/html,application/xhtml+xml,application/xml;q=0.9,image/webp,image/apng,*/*;q=0.8',
  'user-agent' => 'Mozilla/5.0 (Windows NT 10.0; Win64; x64) AppleWebKit/537.36 (KHTML, like Gecko) Chrome/70.0.3538.110 Safari/537.36',
  'content-type' => 'application/x-www-form-urlencoded',
  'upgrade-insecure-requests' => '1',
  'origin' => 'http://mythink.test',
  'cache-control' => 'max-age=0',
  'connection' => 'keep-alive',
  'host' => 'mythink.test',
)
[ info ] [ PARAM ] array (
  '__token__' => '7ead9801937f271fadb1f8e1d2dd5a0961818005',
  'name' => 'root',
  'email' => 'root@123.com',
  'password' => '123456',
  'password_confirm' => '123456',
)
[ info ] [ DB ] INIT mysql
[ sql ] [ DB ] CONNECT:[ UseTime:0.012508s ] mysql:host=127.0.0.1;dbname=mythink;charset=utf8
[ sql ] [ SQL ] SHOW COLUMNS FROM `users` [ RunTime:0.003944s ]
[ sql ] [ SQL ] SELECT `id` FROM `users` WHERE  `name` = 'root' LIMIT 1 [ RunTime:0.003027s ]
[ sql ] [ SQL ] SELECT `id` FROM `users` WHERE  `email` = 'root@123.com' LIMIT 1 [ RunTime:0.001947s ]
---------------------------------------------------------------
[ 2018-11-21T23:14:08+08:00 ] 192.168.28.119 GET mythink.test/user/auth/create.html
[运行时间：0.042499s] [吞吐率：23.53req/s] [内存消耗：1,476.45kb] [文件加载：68]
[ info ] [ LANG ] D:\wwwroot\mythink.test\mythink\thinkphp\lang\zh-cn.php
[ info ] [ ROUTE ] array (
)
[ info ] [ HEADER ] array (
  'accept-encoding' => 'gzip, deflate',
  'cookie' => 'PHPSESSID=f94n5ek2962afhfj2dqboos1jp',
  'accept-language' => 'zh-CN,zh;q=0.9',
  'referer' => 'http://mythink.test/',
  'accept' => 'text/html,application/xhtml+xml,application/xml;q=0.9,image/webp,image/apng,*/*;q=0.8',
  'user-agent' => 'Mozilla/5.0 (Windows NT 10.0; Win64; x64) AppleWebKit/537.36 (KHTML, like Gecko) Chrome/70.0.3538.110 Safari/537.36',
  'upgrade-insecure-requests' => '1',
  'connection' => 'keep-alive',
  'host' => 'mythink.test',
  'content-length' => '',
  'content-type' => '',
)
[ info ] [ PARAM ] array (
)
[ info ] [ VIEW ] D:\wwwroot\mythink.test\mythink\resources\views\user\auth\create.html [ array (
  0 => 'token',
) ]
---------------------------------------------------------------
[ 2018-11-21T23:14:09+08:00 ] 192.168.28.119 GET mythink.test/user/auth/create.html
[运行时间：0.029642s] [吞吐率：33.74req/s] [内存消耗：1,476.73kb] [文件加载：68]
[ info ] [ LANG ] D:\wwwroot\mythink.test\mythink\thinkphp\lang\zh-cn.php
[ info ] [ ROUTE ] array (
)
[ info ] [ HEADER ] array (
  'accept-encoding' => 'gzip, deflate',
  'cookie' => 'PHPSESSID=f94n5ek2962afhfj2dqboos1jp',
  'accept-language' => 'zh-CN,zh;q=0.9',
  'referer' => 'http://mythink.test/',
  'accept' => 'text/html,application/xhtml+xml,application/xml;q=0.9,image/webp,image/apng,*/*;q=0.8',
  'user-agent' => 'Mozilla/5.0 (Windows NT 10.0; Win64; x64) AppleWebKit/537.36 (KHTML, like Gecko) Chrome/70.0.3538.110 Safari/537.36',
  'upgrade-insecure-requests' => '1',
  'cache-control' => 'max-age=0',
  'connection' => 'keep-alive',
  'host' => 'mythink.test',
  'content-length' => '',
  'content-type' => '',
)
[ info ] [ PARAM ] array (
)
[ info ] [ VIEW ] D:\wwwroot\mythink.test\mythink\resources\views\user\auth\create.html [ array (
  0 => 'token',
) ]
---------------------------------------------------------------
[ 2018-11-21T23:14:09+08:00 ] 192.168.28.119 GET mythink.test/static/css/app.css
[运行时间：0.037832s] [吞吐率：26.43req/s] [内存消耗：1,051.45kb] [文件加载：53]
[ info ] [ LANG ] D:\wwwroot\mythink.test\mythink\thinkphp\lang\zh-cn.php
---------------------------------------------------------------
[ 2018-11-21T23:14:09+08:00 ] 192.168.28.119 GET mythink.test/static/js/app.js
[运行时间：0.032818s] [吞吐率：30.47req/s] [内存消耗：1,051.45kb] [文件加载：53]
[ info ] [ LANG ] D:\wwwroot\mythink.test\mythink\thinkphp\lang\zh-cn.php
---------------------------------------------------------------
[ 2018-11-21T23:14:09+08:00 ] 192.168.28.119 GET mythink.test/static/css/app.css
[运行时间：0.038740s] [吞吐率：25.81req/s] [内存消耗：1,051.46kb] [文件加载：53]
[ info ] [ LANG ] D:\wwwroot\mythink.test\mythink\thinkphp\lang\zh-cn.php
---------------------------------------------------------------
[ 2018-11-21T23:14:09+08:00 ] 192.168.28.119 GET mythink.test/static/js/app.js
[运行时间：0.047133s] [吞吐率：21.22req/s] [内存消耗：1,051.46kb] [文件加载：53]
[ info ] [ LANG ] D:\wwwroot\mythink.test\mythink\thinkphp\lang\zh-cn.php
---------------------------------------------------------------
[ 2018-11-21T23:14:10+08:00 ] 192.168.28.119 POST mythink.test/user/auth/save.html
[运行时间：0.031329s] [吞吐率：31.92req/s] [内存消耗：1,536.20kb] [文件加载：67]
[ info ] [ LANG ] D:\wwwroot\mythink.test\mythink\thinkphp\lang\zh-cn.php
[ info ] [ ROUTE ] array (
)
[ info ] [ HEADER ] array (
  'content-length' => '91',
  'accept-encoding' => 'gzip, deflate',
  'cookie' => 'PHPSESSID=f94n5ek2962afhfj2dqboos1jp',
  'accept-language' => 'zh-CN,zh;q=0.9',
  'referer' => 'http://mythink.test/user/auth/create.html',
  'accept' => 'text/html,application/xhtml+xml,application/xml;q=0.9,image/webp,image/apng,*/*;q=0.8',
  'user-agent' => 'Mozilla/5.0 (Windows NT 10.0; Win64; x64) AppleWebKit/537.36 (KHTML, like Gecko) Chrome/70.0.3538.110 Safari/537.36',
  'content-type' => 'application/x-www-form-urlencoded',
  'upgrade-insecure-requests' => '1',
  'origin' => 'http://mythink.test',
  'cache-control' => 'max-age=0',
  'connection' => 'keep-alive',
  'host' => 'mythink.test',
)
[ info ] [ PARAM ] array (
  '__token__' => '84e7f6164bb3ca3708e0a522c3919f0f9ca4cc31',
  'name' => '',
  'email' => '',
  'password' => '',
  'password_confirm' => '',
)
---------------------------------------------------------------
[ 2018-11-21T23:14:12+08:00 ] 192.168.28.119 GET mythink.test/user/auth/create.html
[运行时间：0.032256s] [吞吐率：31.00req/s] [内存消耗：1,476.55kb] [文件加载：68]
[ info ] [ LANG ] D:\wwwroot\mythink.test\mythink\thinkphp\lang\zh-cn.php
[ info ] [ ROUTE ] array (
)
[ info ] [ HEADER ] array (
  'accept-encoding' => 'gzip, deflate',
  'cookie' => 'PHPSESSID=f94n5ek2962afhfj2dqboos1jp',
  'accept-language' => 'zh-CN,zh;q=0.9',
  'referer' => 'http://mythink.test/',
  'accept' => 'text/html,application/xhtml+xml,application/xml;q=0.9,image/webp,image/apng,*/*;q=0.8',
  'user-agent' => 'Mozilla/5.0 (Windows NT 10.0; Win64; x64) AppleWebKit/537.36 (KHTML, like Gecko) Chrome/70.0.3538.110 Safari/537.36',
  'upgrade-insecure-requests' => '1',
  'connection' => 'keep-alive',
  'host' => 'mythink.test',
  'content-length' => '',
  'content-type' => '',
)
[ info ] [ PARAM ] array (
)
[ info ] [ VIEW ] D:\wwwroot\mythink.test\mythink\resources\views\user\auth\create.html [ array (
  0 => 'token',
) ]
